<?xml version="1.0" encoding="UTF-8"?>
<testsuite name="com.example.demo.Demo1ApplicationTests" tests="1" skipped="0" failures="0" errors="0" timestamp="2024-03-14T19:57:30" hostname="Edvinass-MacBook-Air.local" time="0.515">
  <properties/>
  <testcase name="contextLoads()" classname="com.example.demo.Demo1ApplicationTests" time="0.515"/>
  <system-out><![CDATA[21:57:26.458 [Test worker] INFO org.springframework.test.context.support.AnnotationConfigContextLoaderUtils -- Could not detect default configuration classes for test class [com.example.demo.Demo1ApplicationTests]: Demo1ApplicationTests does not declare any static, non-private, non-final, nested classes annotated with @Configuration.
21:57:26.540 [Test worker] INFO org.springframework.boot.test.context.SpringBootTestContextBootstrapper -- Found @SpringBootConfiguration com.example.demo.Demo1Application for test class com.example.demo.Demo1ApplicationTests

  .   ____          _            __ _ _
 /\\ / ___'_ __ _ _(_)_ __  __ _ \ \ \ \
( ( )\___ | '_ | '_| | '_ \/ _` | \ \ \ \
 \\/  ___)| |_)| | | | | || (_| |  ) ) ) )
  '  |____| .__|_| |_|_| |_\__, | / / / /
 =========|_|==============|___/=/_/_/_/
 :: Spring Boot ::                (v3.2.3)

2024-03-14T21:57:26.823+02:00  INFO 7162 --- [    Test worker] com.example.demo.Demo1ApplicationTests   : Starting Demo1ApplicationTests using Java 17.0.10 with PID 7162 (started by edvinasgerdvila in /Users/edvinasgerdvila/Documents/rest)
2024-03-14T21:57:26.824+02:00  INFO 7162 --- [    Test worker] com.example.demo.Demo1ApplicationTests   : No active profile set, falling back to 1 default profile: "default"
2024-03-14T21:57:27.394+02:00  INFO 7162 --- [    Test worker] .s.d.r.c.RepositoryConfigurationDelegate : Bootstrapping Spring Data JPA repositories in DEFAULT mode.
2024-03-14T21:57:27.423+02:00  INFO 7162 --- [    Test worker] .s.d.r.c.RepositoryConfigurationDelegate : Finished Spring Data repository scanning in 25 ms. Found 1 JPA repository interface.
2024-03-14T21:57:27.651+02:00  INFO 7162 --- [    Test worker] com.zaxxer.hikari.HikariDataSource       : HikariPool-1 - Starting...
2024-03-14T21:57:27.758+02:00  INFO 7162 --- [    Test worker] com.zaxxer.hikari.pool.HikariPool        : HikariPool-1 - Added connection conn0: url=jdbc:h2:mem:test user=SA
2024-03-14T21:57:27.759+02:00  INFO 7162 --- [    Test worker] com.zaxxer.hikari.HikariDataSource       : HikariPool-1 - Start completed.
2024-03-14T21:57:27.789+02:00  INFO 7162 --- [    Test worker] o.hibernate.jpa.internal.util.LogHelper  : HHH000204: Processing PersistenceUnitInfo [name: default]
2024-03-14T21:57:27.818+02:00  INFO 7162 --- [    Test worker] org.hibernate.Version                    : HHH000412: Hibernate ORM core version 6.4.4.Final
2024-03-14T21:57:27.841+02:00  INFO 7162 --- [    Test worker] o.h.c.internal.RegionFactoryInitiator    : HHH000026: Second-level cache disabled
2024-03-14T21:57:27.978+02:00  INFO 7162 --- [    Test worker] o.s.o.j.p.SpringPersistenceUnitInfo      : No LoadTimeWeaver setup: ignoring JPA class transformer
2024-03-14T21:57:27.993+02:00  WARN 7162 --- [    Test worker] org.hibernate.orm.deprecation            : HHH90000025: H2Dialect does not need to be specified explicitly using 'hibernate.dialect' (remove the property setting and it will be selected by default)
2024-03-14T21:57:28.449+02:00  INFO 7162 --- [    Test worker] o.h.e.t.j.p.i.JtaPlatformInitiator       : HHH000489: No JTA platform available (set 'hibernate.transaction.jta.platform' to enable JTA platform integration)
Hibernate: 
    drop table if exists person cascade 
Hibernate: 
    create table person (
        pid bigint generated by default as identity,
        email varchar(255),
        first_name varchar(255),
        last_name varchar(255),
        phone varchar(255),
        primary key (pid)
    )
2024-03-14T21:57:28.467+02:00  INFO 7162 --- [    Test worker] j.LocalContainerEntityManagerFactoryBean : Initialized JPA EntityManagerFactory for persistence unit 'default'
2024-03-14T21:57:28.769+02:00  WARN 7162 --- [    Test worker] JpaBaseConfiguration$JpaWebConfiguration : spring.jpa.open-in-view is enabled by default. Therefore, database queries may be performed during view rendering. Explicitly configure spring.jpa.open-in-view to disable this warning
2024-03-14T21:57:30.079+02:00  INFO 7162 --- [    Test worker] o.s.b.a.h2.H2ConsoleAutoConfiguration    : H2 console available at '/h2-console'. Database available at 'jdbc:h2:mem:test'
2024-03-14T21:57:30.143+02:00  INFO 7162 --- [    Test worker] com.example.demo.Demo1ApplicationTests   : Started Demo1ApplicationTests in 3.495 seconds (process running for 4.249)
]]></system-out>
  <system-err><![CDATA[]]></system-err>
</testsuite>
